# JRE version: OpenJDK Runtime Environment (7.0_111-b01) (build 1.7.0_111-b01)
# Java VM: OpenJDK Server VM (24.111-b01 mixed mode linux-x86 )
Heap
 PSYoungGen      total 69888K, used 4601K [0x61a80000, 0x66380000, 0x6c540000)
  eden space 65280K, 0% used [0x61a80000,0x61a80000,0x65a40000)
  from space 4608K, 99% used [0x65a40000,0x65ebe460,0x65ec0000)
  to   space 4352K, 0% used [0x65ec0000,0x65ec0000,0x66300000)
 ParOldGen       total 21504K, used 12557K [0x4c540000, 0x4da40000, 0x61a80000)
  object space 21504K, 58% used [0x4c540000,0x4d1836c0,0x4da40000)
 PSPermGen       total 16384K, used 12012K [0x44540000, 0x45540000, 0x4c540000)
  object space 16384K, 73% used [0x44540000,0x450fb120,0x45540000)
GC Heap History (10 events):
Event: 7,036 GC heap after
Heap after GC invocations=4 (full 0):
 PSYoungGen      total 17664K, used 1265K [0x61a80000, 0x62d00000, 0x6c540000)
  eden space 16384K, 0% used [0x61a80000,0x61a80000,0x62a80000)
  from space 1280K, 98% used [0x62bc0000,0x62cfc478,0x62d00000)
  to   space 1280K, 0% used [0x62a80000,0x62a80000,0x62bc0000)
 ParOldGen       total 21504K, used 5414K [0x4c540000, 0x4da40000, 0x61a80000)
  object space 21504K, 25% used [0x4c540000,0x4ca89868,0x4da40000)
 PSPermGen       total 16384K, used 11639K [0x44540000, 0x45540000, 0x4c540000)
  object space 16384K, 71% used [0x44540000,0x4509dd88,0x45540000)
}
Event: 7,436 GC heap before
{Heap before GC invocations=5 (full 0):
 PSYoungGen      total 17664K, used 17649K [0x61a80000, 0x62d00000, 0x6c540000)
  eden space 16384K, 100% used [0x61a80000,0x62a80000,0x62a80000)
  from space 1280K, 98% used [0x62bc0000,0x62cfc478,0x62d00000)
  to   space 1280K, 0% used [0x62a80000,0x62a80000,0x62bc0000)
 ParOldGen       total 21504K, used 5414K [0x4c540000, 0x4da40000, 0x61a80000)
  object space 21504K, 25% used [0x4c540000,0x4ca89868,0x4da40000)
 PSPermGen       total 16384K, used 11682K [0x44540000, 0x45540000, 0x4c540000)
  object space 16384K, 71% used [0x44540000,0x450a8840,0x45540000)
Event: 7,443 GC heap after
Heap after GC invocations=5 (full 0):
 PSYoungGen      total 17664K, used 1271K [0x61a80000, 0x64200000, 0x6c540000)
  eden space 16384K, 0% used [0x61a80000,0x61a80000,0x62a80000)
  from space 1280K, 99% used [0x62a80000,0x62bbdcd0,0x62bc0000)
  to   space 3840K, 0% used [0x63e40000,0x63e40000,0x64200000)
 ParOldGen       total 21504K, used 7263K [0x4c540000, 0x4da40000, 0x61a80000)
  object space 21504K, 33% used [0x4c540000,0x4cc57c58,0x4da40000)
 PSPermGen       total 16384K, used 11682K [0x44540000, 0x45540000, 0x4c540000)
  object space 16384K, 71% used [0x44540000,0x450a8840,0x45540000)
}
Event: 7,787 GC heap before
{Heap before GC invocations=6 (full 0):
 PSYoungGen      total 17664K, used 17655K [0x61a80000, 0x64200000, 0x6c540000)
  eden space 16384K, 100% used [0x61a80000,0x62a80000,0x62a80000)
  from space 1280K, 99% used [0x62a80000,0x62bbdcd0,0x62bc0000)
  to   space 3840K, 0% used [0x63e40000,0x63e40000,0x64200000)
 ParOldGen       total 21504K, used 7263K [0x4c540000, 0x4da40000, 0x61a80000)
  object space 21504K, 33% used [0x4c540000,0x4cc57c58,0x4da40000)
 PSPermGen       total 16384K, used 11703K [0x44540000, 0x45540000, 0x4c540000)
  object space 16384K, 71% used [0x44540000,0x450add30,0x45540000)
Event: 7,794 GC heap after
Heap after GC invocations=6 (full 0):
 PSYoungGen      total 36608K, used 3147K [0x61a80000, 0x64200000, 0x6c540000)
  eden space 32768K, 0% used [0x61a80000,0x61a80000,0x63a80000)
  from space 3840K, 81% used [0x63e40000,0x64152c88,0x64200000)
  to   space 3840K, 0% used [0x63a80000,0x63a80000,0x63e40000)
 ParOldGen       total 21504K, used 7263K [0x4c540000, 0x4da40000, 0x61a80000)
  object space 21504K, 33% used [0x4c540000,0x4cc57c58,0x4da40000)
 PSPermGen       total 16384K, used 11703K [0x44540000, 0x45540000, 0x4c540000)
  object space 16384K, 71% used [0x44540000,0x450add30,0x45540000)
}
Event: 8,471 GC heap before
{Heap before GC invocations=7 (full 0):
 PSYoungGen      total 36608K, used 35915K [0x61a80000, 0x64200000, 0x6c540000)
  eden space 32768K, 100% used [0x61a80000,0x63a80000,0x63a80000)
  from space 3840K, 81% used [0x63e40000,0x64152c88,0x64200000)
  to   space 3840K, 0% used [0x63a80000,0x63a80000,0x63e40000)
 ParOldGen       total 21504K, used 7263K [0x4c540000, 0x4da40000, 0x61a80000)
  object space 21504K, 33% used [0x4c540000,0x4cc57c58,0x4da40000)
 PSPermGen       total 16384K, used 11734K [0x44540000, 0x45540000, 0x4c540000)
  object space 16384K, 71% used [0x44540000,0x450b5898,0x45540000)
Event: 8,481 GC heap after
Heap after GC invocations=7 (full 0):
 PSYoungGen      total 36608K, used 3824K [0x61a80000, 0x66300000, 0x6c540000)
  eden space 32768K, 0% used [0x61a80000,0x61a80000,0x63a80000)
  from space 3840K, 99% used [0x63a80000,0x63e3c380,0x63e40000)
  to   space 4352K, 0% used [0x65ec0000,0x65ec0000,0x66300000)
 ParOldGen       total 21504K, used 8471K [0x4c540000, 0x4da40000, 0x61a80000)
  object space 21504K, 39% used [0x4c540000,0x4cd85e00,0x4da40000)
 PSPermGen       total 16384K, used 11734K [0x44540000, 0x45540000, 0x4c540000)
  object space 16384K, 71% used [0x44540000,0x450b5898,0x45540000)
}
Event: 9,067 GC heap before
{Heap before GC invocations=8 (full 0):
 PSYoungGen      total 36608K, used 36592K [0x61a80000, 0x66300000, 0x6c540000)
  eden space 32768K, 100% used [0x61a80000,0x63a80000,0x63a80000)
  from space 3840K, 99% used [0x63a80000,0x63e3c380,0x63e40000)
  to   space 4352K, 0% used [0x65ec0000,0x65ec0000,0x66300000)
 ParOldGen       total 21504K, used 8471K [0x4c540000, 0x4da40000, 0x61a80000)
  object space 21504K, 39% used [0x4c540000,0x4cd85e00,0x4da40000)
 PSPermGen       total 16384K, used 11757K [0x44540000, 0x45540000, 0x4c540000)
  object space 16384K, 71% used [0x44540000,0x450bb430,0x45540000)
Event: 9,077 GC heap after
Heap after GC invocations=8 (full 0):
 PSYoungGen      total 69632K, used 3936K [0x61a80000, 0x66380000, 0x6c540000)
  eden space 65280K, 0% used [0x61a80000,0x61a80000,0x65a40000)
  from space 4352K, 90% used [0x65ec0000,0x662983a0,0x66300000)
  to   space 4608K, 0% used [0x65a40000,0x65a40000,0x65ec0000)
 ParOldGen       total 21504K, used 8495K [0x4c540000, 0x4da40000, 0x61a80000)
  object space 21504K, 39% used [0x4c540000,0x4cd8be00,0x4da40000)
 PSPermGen       total 16384K, used 11757K [0x44540000, 0x45540000, 0x4c540000)
  object space 16384K, 71% used [0x44540000,0x450bb430,0x45540000)
}
Event: 107,441 GC heap before
{Heap before GC invocations=9 (full 0):
 PSYoungGen      total 69632K, used 69216K [0x61a80000, 0x66380000, 0x6c540000)
  eden space 65280K, 100% used [0x61a80000,0x65a40000,0x65a40000)
  from space 4352K, 90% used [0x65ec0000,0x662983a0,0x66300000)
  to   space 4608K, 0% used [0x65a40000,0x65a40000,0x65ec0000)
 ParOldGen       total 21504K, used 8495K [0x4c540000, 0x4da40000, 0x61a80000)
  object space 21504K, 39% used [0x4c540000,0x4cd8be00,0x4da40000)
 PSPermGen       total 16384K, used 12012K [0x44540000, 0x45540000, 0x4c540000)
  object space 16384K, 73% used [0x44540000,0x450fb120,0x45540000)

