# JRE version: OpenJDK Runtime Environment (7.0_111-b01) (build 1.7.0_111-b01)
# Java VM: OpenJDK Server VM (24.111-b01 mixed mode linux-x86 )
Heap
 PSYoungGen      total 110336K, used 7154K [0x61b00000, 0x68f00000, 0x6c5c0000)
  eden space 103168K, 0% used [0x61b00000,0x61b00000,0x67fc0000)
  from space 7168K, 99% used [0x67fc0000,0x686bcae0,0x686c0000)
  to   space 5888K, 0% used [0x686c0000,0x686c0000,0x68c80000)
 ParOldGen       total 21504K, used 17181K [0x4c5c0000, 0x4dac0000, 0x61b00000)
  object space 21504K, 79% used [0x4c5c0000,0x4d687580,0x4dac0000)
 PSPermGen       total 16384K, used 11860K [0x445c0000, 0x455c0000, 0x4c5c0000)
  object space 16384K, 72% used [0x445c0000,0x451552f0,0x455c0000)
GC Heap History (10 events):
Event: 10,106 GC heap after
Heap after GC invocations=6 (full 0):
 PSYoungGen      total 36608K, used 3058K [0x61b00000, 0x64280000, 0x6c5c0000)
  eden space 32768K, 0% used [0x61b00000,0x61b00000,0x63b00000)
  from space 3840K, 79% used [0x63ec0000,0x641bc9c8,0x64280000)
  to   space 3840K, 0% used [0x63b00000,0x63b00000,0x63ec0000)
 ParOldGen       total 21504K, used 7039K [0x4c5c0000, 0x4dac0000, 0x61b00000)
  object space 21504K, 32% used [0x4c5c0000,0x4cc9fe68,0x4dac0000)
 PSPermGen       total 16384K, used 11698K [0x445c0000, 0x455c0000, 0x4c5c0000)
  object space 16384K, 71% used [0x445c0000,0x4512c8f0,0x455c0000)
}
Event: 10,724 GC heap before
{Heap before GC invocations=7 (full 0):
 PSYoungGen      total 36608K, used 35826K [0x61b00000, 0x64280000, 0x6c5c0000)
  eden space 32768K, 100% used [0x61b00000,0x63b00000,0x63b00000)
  from space 3840K, 79% used [0x63ec0000,0x641bc9c8,0x64280000)
  to   space 3840K, 0% used [0x63b00000,0x63b00000,0x63ec0000)
 ParOldGen       total 21504K, used 7039K [0x4c5c0000, 0x4dac0000, 0x61b00000)
  object space 21504K, 32% used [0x4c5c0000,0x4cc9fe68,0x4dac0000)
 PSPermGen       total 16384K, used 11725K [0x445c0000, 0x455c0000, 0x4c5c0000)
  object space 16384K, 71% used [0x445c0000,0x451337e8,0x455c0000)
Event: 10,734 GC heap after
Heap after GC invocations=7 (full 0):
 PSYoungGen      total 36608K, used 3633K [0x61b00000, 0x66300000, 0x6c5c0000)
  eden space 32768K, 0% used [0x61b00000,0x61b00000,0x63b00000)
  from space 3840K, 94% used [0x63b00000,0x63e8c580,0x63ec0000)
  to   space 4096K, 0% used [0x65f00000,0x65f00000,0x66300000)
 ParOldGen       total 21504K, used 8268K [0x4c5c0000, 0x4dac0000, 0x61b00000)
  object space 21504K, 38% used [0x4c5c0000,0x4cdd3140,0x4dac0000)
 PSPermGen       total 16384K, used 11725K [0x445c0000, 0x455c0000, 0x4c5c0000)
  object space 16384K, 71% used [0x445c0000,0x451337e8,0x455c0000)
}
Event: 11,294 GC heap before
{Heap before GC invocations=8 (full 0):
 PSYoungGen      total 36608K, used 36401K [0x61b00000, 0x66300000, 0x6c5c0000)
  eden space 32768K, 100% used [0x61b00000,0x63b00000,0x63b00000)
  from space 3840K, 94% used [0x63b00000,0x63e8c580,0x63ec0000)
  to   space 4096K, 0% used [0x65f00000,0x65f00000,0x66300000)
 ParOldGen       total 21504K, used 8268K [0x4c5c0000, 0x4dac0000, 0x61b00000)
  object space 21504K, 38% used [0x4c5c0000,0x4cdd3140,0x4dac0000)
 PSPermGen       total 16384K, used 11751K [0x445c0000, 0x455c0000, 0x4c5c0000)
  object space 16384K, 71% used [0x445c0000,0x45139dd0,0x455c0000)
Event: 11,301 GC heap after
Heap after GC invocations=8 (full 0):
 PSYoungGen      total 69376K, used 3697K [0x61b00000, 0x66380000, 0x6c5c0000)
  eden space 65280K, 0% used [0x61b00000,0x61b00000,0x65ac0000)
  from space 4096K, 90% used [0x65f00000,0x6629c5a0,0x66300000)
  to   space 4352K, 0% used [0x65ac0000,0x65ac0000,0x65f00000)
 ParOldGen       total 21504K, used 8284K [0x4c5c0000, 0x4dac0000, 0x61b00000)
  object space 21504K, 38% used [0x4c5c0000,0x4cdd7140,0x4dac0000)
 PSPermGen       total 16384K, used 11751K [0x445c0000, 0x455c0000, 0x4c5c0000)
  object space 16384K, 71% used [0x445c0000,0x45139dd0,0x455c0000)
}
Event: 12,557 GC heap before
{Heap before GC invocations=9 (full 0):
 PSYoungGen      total 69376K, used 68977K [0x61b00000, 0x66380000, 0x6c5c0000)
  eden space 65280K, 100% used [0x61b00000,0x65ac0000,0x65ac0000)
  from space 4096K, 90% used [0x65f00000,0x6629c5a0,0x66300000)
  to   space 4352K, 0% used [0x65ac0000,0x65ac0000,0x65f00000)
 ParOldGen       total 21504K, used 8284K [0x4c5c0000, 0x4dac0000, 0x61b00000)
  object space 21504K, 38% used [0x4c5c0000,0x4cdd7140,0x4dac0000)
 PSPermGen       total 16384K, used 11788K [0x445c0000, 0x455c0000, 0x4c5c0000)
  object space 16384K, 71% used [0x445c0000,0x45143258,0x455c0000)
Event: 12,578 GC heap after
Heap after GC invocations=9 (full 0):
 PSYoungGen      total 69632K, used 4345K [0x61b00000, 0x68c80000, 0x6c5c0000)
  eden space 65280K, 0% used [0x61b00000,0x61b00000,0x65ac0000)
  from space 4352K, 99% used [0x65ac0000,0x65efe690,0x65f00000)
  to   space 5888K, 0% used [0x686c0000,0x686c0000,0x68c80000)
 ParOldGen       total 21504K, used 11221K [0x4c5c0000, 0x4dac0000, 0x61b00000)
  object space 21504K, 52% used [0x4c5c0000,0x4d0b57f0,0x4dac0000)
 PSPermGen       total 16384K, used 11788K [0x445c0000, 0x455c0000, 0x4c5c0000)
  object space 16384K, 71% used [0x445c0000,0x45143258,0x455c0000)
}
Event: 13,655 GC heap before
{Heap before GC invocations=10 (full 0):
 PSYoungGen      total 69632K, used 69625K [0x61b00000, 0x68c80000, 0x6c5c0000)
  eden space 65280K, 100% used [0x61b00000,0x65ac0000,0x65ac0000)
  from space 4352K, 99% used [0x65ac0000,0x65efe690,0x65f00000)
  to   space 5888K, 0% used [0x686c0000,0x686c0000,0x68c80000)
 ParOldGen       total 21504K, used 11221K [0x4c5c0000, 0x4dac0000, 0x61b00000)
  object space 21504K, 52% used [0x4c5c0000,0x4d0b57f0,0x4dac0000)
 PSPermGen       total 16384K, used 11822K [0x445c0000, 0x455c0000, 0x4c5c0000)
  object space 16384K, 72% used [0x445c0000,0x4514b878,0x455c0000)
Event: 13,699 GC heap after
Heap after GC invocations=10 (full 0):
 PSYoungGen      total 109056K, used 5874K [0x61b00000, 0x68f00000, 0x6c5c0000)
  eden space 103168K, 0% used [0x61b00000,0x61b00000,0x67fc0000)
  from space 5888K, 99% used [0x686c0000,0x68c7c8e0,0x68c80000)
  to   space 7168K, 0% used [0x67fc0000,0x67fc0000,0x686c0000)
 ParOldGen       total 21504K, used 12690K [0x4c5c0000, 0x4dac0000, 0x61b00000)
  object space 21504K, 59% used [0x4c5c0000,0x4d224b50,0x4dac0000)
 PSPermGen       total 16384K, used 11822K [0x445c0000, 0x455c0000, 0x4c5c0000)
  object space 16384K, 72% used [0x445c0000,0x4514b878,0x455c0000)
}
Event: 15,082 GC heap before
{Heap before GC invocations=11 (full 0):
 PSYoungGen      total 109056K, used 109042K [0x61b00000, 0x68f00000, 0x6c5c0000)
  eden space 103168K, 100% used [0x61b00000,0x67fc0000,0x67fc0000)
  from space 5888K, 99% used [0x686c0000,0x68c7c8e0,0x68c80000)
  to   space 7168K, 0% used [0x67fc0000,0x67fc0000,0x686c0000)
 ParOldGen       total 21504K, used 12690K [0x4c5c0000, 0x4dac0000, 0x61b00000)
  object space 21504K, 59% used [0x4c5c0000,0x4d224b50,0x4dac0000)
 PSPermGen       total 16384K, used 11860K [0x445c0000, 0x455c0000, 0x4c5c0000)
  object space 16384K, 72% used [0x445c0000,0x451552f0,0x455c0000)

