# JRE version: OpenJDK Runtime Environment (7.0_111-b01) (build 1.7.0_111-b01)
# Java VM: OpenJDK Server VM (24.111-b01 mixed mode linux-x86 )
Heap
 PSYoungGen      total 148992K, used 0K [0x61b00000, 0x6c5c0000, 0x6c5c0000)
  eden space 136960K, 0% used [0x61b00000,0x61b00000,0x6a0c0000)
  from space 12032K, 0% used [0x6ba00000,0x6ba00000,0x6c5c0000)
  to   space 18944K, 0% used [0x6a0c0000,0x6a0c0000,0x6b340000)
 ParOldGen       total 30208K, used 20824K [0x4c5c0000, 0x4e340000, 0x61b00000)
  object space 30208K, 68% used [0x4c5c0000,0x4da161d8,0x4e340000)
 PSPermGen       total 23808K, used 12353K [0x445c0000, 0x45d00000, 0x4c5c0000)
  object space 23808K, 51% used [0x445c0000,0x451d06e8,0x45d00000)
GC Heap History (10 events):
Event: 8,136 GC heap after
Heap after GC invocations=11 (full 0):
 PSYoungGen      total 110336K, used 7161K [0x61b00000, 0x6c5c0000, 0x6c5c0000)
  eden space 103168K, 0% used [0x61b00000,0x61b00000,0x67fc0000)
  from space 7168K, 99% used [0x67fc0000,0x686be610,0x686c0000)
  to   space 9728K, 0% used [0x6bc40000,0x6bc40000,0x6c5c0000)
 ParOldGen       total 21504K, used 17516K [0x4c5c0000, 0x4dac0000, 0x61b00000)
  object space 21504K, 81% used [0x4c5c0000,0x4d6db348,0x4dac0000)
 PSPermGen       total 16384K, used 11874K [0x445c0000, 0x455c0000, 0x4c5c0000)
  object space 16384K, 72% used [0x445c0000,0x45158b70,0x455c0000)
}
Event: 8,136 GC heap before
{Heap before GC invocations=12 (full 1):
 PSYoungGen      total 110336K, used 7161K [0x61b00000, 0x6c5c0000, 0x6c5c0000)
  eden space 103168K, 0% used [0x61b00000,0x61b00000,0x67fc0000)
  from space 7168K, 99% used [0x67fc0000,0x686be610,0x686c0000)
  to   space 9728K, 0% used [0x6bc40000,0x6bc40000,0x6c5c0000)
 ParOldGen       total 21504K, used 17516K [0x4c5c0000, 0x4dac0000, 0x61b00000)
  object space 21504K, 81% used [0x4c5c0000,0x4d6db348,0x4dac0000)
 PSPermGen       total 16384K, used 11874K [0x445c0000, 0x455c0000, 0x4c5c0000)
  object space 16384K, 72% used [0x445c0000,0x45158b70,0x455c0000)
Event: 8,226 GC heap after
Heap after GC invocations=12 (full 1):
 PSYoungGen      total 110336K, used 0K [0x61b00000, 0x6c5c0000, 0x6c5c0000)
  eden space 103168K, 0% used [0x61b00000,0x61b00000,0x67fc0000)
  from space 7168K, 0% used [0x67fc0000,0x67fc0000,0x686c0000)
  to   space 9728K, 0% used [0x6bc40000,0x6bc40000,0x6c5c0000)
 ParOldGen       total 30208K, used 14297K [0x4c5c0000, 0x4e340000, 0x61b00000)
  object space 30208K, 47% used [0x4c5c0000,0x4d3b6530,0x4e340000)
 PSPermGen       total 23808K, used 11869K [0x445c0000, 0x45d00000, 0x4c5c0000)
  object space 23808K, 49% used [0x445c0000,0x45157720,0x45d00000)
}
Event: 9,621 GC heap before
{Heap before GC invocations=13 (full 1):
 PSYoungGen      total 110336K, used 103168K [0x61b00000, 0x6c5c0000, 0x6c5c0000)
  eden space 103168K, 100% used [0x61b00000,0x67fc0000,0x67fc0000)
  from space 7168K, 0% used [0x67fc0000,0x67fc0000,0x686c0000)
  to   space 9728K, 0% used [0x6bc40000,0x6bc40000,0x6c5c0000)
 ParOldGen       total 30208K, used 14297K [0x4c5c0000, 0x4e340000, 0x61b00000)
  object space 30208K, 47% used [0x4c5c0000,0x4d3b6530,0x4e340000)
 PSPermGen       total 23808K, used 11960K [0x445c0000, 0x45d00000, 0x4c5c0000)
  object space 23808K, 50% used [0x445c0000,0x4516e3b8,0x45d00000)
Event: 9,652 GC heap after
Heap after GC invocations=13 (full 1):
 PSYoungGen      total 150784K, used 9725K [0x61b00000, 0x6c5c0000, 0x6c5c0000)
  eden space 141056K, 0% used [0x61b00000,0x61b00000,0x6a4c0000)
  from space 9728K, 99% used [0x6bc40000,0x6c5bf7b0,0x6c5c0000)
  to   space 12032K, 0% used [0x6ae40000,0x6ae40000,0x6ba00000)
 ParOldGen       total 30208K, used 16230K [0x4c5c0000, 0x4e340000, 0x61b00000)
  object space 30208K, 53% used [0x4c5c0000,0x4d599950,0x4e340000)
 PSPermGen       total 23808K, used 11960K [0x445c0000, 0x45d00000, 0x4c5c0000)
  object space 23808K, 50% used [0x445c0000,0x4516e3b8,0x45d00000)
}
Event: 11,593 GC heap before
{Heap before GC invocations=14 (full 1):
 PSYoungGen      total 150784K, used 150781K [0x61b00000, 0x6c5c0000, 0x6c5c0000)
  eden space 141056K, 100% used [0x61b00000,0x6a4c0000,0x6a4c0000)
  from space 9728K, 99% used [0x6bc40000,0x6c5bf7b0,0x6c5c0000)
  to   space 12032K, 0% used [0x6ae40000,0x6ae40000,0x6ba00000)
 ParOldGen       total 30208K, used 16230K [0x4c5c0000, 0x4e340000, 0x61b00000)
  object space 30208K, 53% used [0x4c5c0000,0x4d599950,0x4e340000)
 PSPermGen       total 23808K, used 11977K [0x445c0000, 0x45d00000, 0x4c5c0000)
  object space 23808K, 50% used [0x445c0000,0x45172468,0x45d00000)
Event: 11,632 GC heap after
Heap after GC invocations=14 (full 1):
 PSYoungGen      total 162816K, used 12018K [0x61b00000, 0x6c5c0000, 0x6c5c0000)
  eden space 150784K, 0% used [0x61b00000,0x61b00000,0x6ae40000)
  from space 12032K, 99% used [0x6ae40000,0x6b9fca20,0x6ba00000)
  to   space 12032K, 0% used [0x6ba00000,0x6ba00000,0x6c5c0000)
 ParOldGen       total 30208K, used 20237K [0x4c5c0000, 0x4e340000, 0x61b00000)
  object space 30208K, 66% used [0x4c5c0000,0x4d9834d0,0x4e340000)
 PSPermGen       total 23808K, used 11977K [0x445c0000, 0x45d00000, 0x4c5c0000)
  object space 23808K, 50% used [0x445c0000,0x45172468,0x45d00000)
}
Event: 51,168 GC heap before
{Heap before GC invocations=15 (full 1):
 PSYoungGen      total 162816K, used 162802K [0x61b00000, 0x6c5c0000, 0x6c5c0000)
  eden space 150784K, 100% used [0x61b00000,0x6ae40000,0x6ae40000)
  from space 12032K, 99% used [0x6ae40000,0x6b9fca20,0x6ba00000)
  to   space 12032K, 0% used [0x6ba00000,0x6ba00000,0x6c5c0000)
 ParOldGen       total 30208K, used 20237K [0x4c5c0000, 0x4e340000, 0x61b00000)
  object space 30208K, 66% used [0x4c5c0000,0x4d9834d0,0x4e340000)
 PSPermGen       total 23808K, used 12354K [0x445c0000, 0x45d00000, 0x4c5c0000)
  object space 23808K, 51% used [0x445c0000,0x451d0838,0x45d00000)
Event: 51,232 GC heap after
Heap after GC invocations=15 (full 1):
 PSYoungGen      total 148992K, used 12028K [0x61b00000, 0x6c5c0000, 0x6c5c0000)
  eden space 136960K, 0% used [0x61b00000,0x61b00000,0x6a0c0000)
  from space 12032K, 99% used [0x6ba00000,0x6c5bf3c0,0x6c5c0000)
  to   space 18944K, 0% used [0x6a0c0000,0x6a0c0000,0x6b340000)
 ParOldGen       total 30208K, used 26716K [0x4c5c0000, 0x4e340000, 0x61b00000)
  object space 30208K, 88% used [0x4c5c0000,0x4dfd7280,0x4e340000)
 PSPermGen       total 23808K, used 12354K [0x445c0000, 0x45d00000, 0x4c5c0000)
  object space 23808K, 51% used [0x445c0000,0x451d0838,0x45d00000)
}
Event: 51,238 GC heap before
{Heap before GC invocations=16 (full 2):
 PSYoungGen      total 148992K, used 12028K [0x61b00000, 0x6c5c0000, 0x6c5c0000)
  eden space 136960K, 0% used [0x61b00000,0x61b00000,0x6a0c0000)
  from space 12032K, 99% used [0x6ba00000,0x6c5bf3c0,0x6c5c0000)
  to   space 18944K, 0% used [0x6a0c0000,0x6a0c0000,0x6b340000)
 ParOldGen       total 30208K, used 26716K [0x4c5c0000, 0x4e340000, 0x61b00000)
  object space 30208K, 88% used [0x4c5c0000,0x4dfd7280,0x4e340000)
 PSPermGen       total 23808K, used 12354K [0x445c0000, 0x45d00000, 0x4c5c0000)
  object space 23808K, 51% used [0x445c0000,0x451d0838,0x45d00000)

