# JRE version: OpenJDK Runtime Environment (7.0_111-b01) (build 1.7.0_111-b01)
# Java VM: OpenJDK Server VM (24.111-b01 mixed mode linux-x86 )
Heap
 PSYoungGen      total 107520K, used 20420K [0x61b00000, 0x69c00000, 0x6c5c0000)
  eden space 84480K, 0% used [0x61b00000,0x61b00000,0x66d80000)
  from space 23040K, 88% used [0x66d80000,0x681712a0,0x68400000)
  to   space 21504K, 0% used [0x68400000,0x68400000,0x69900000)
 ParOldGen       total 21504K, used 16506K [0x4c5c0000, 0x4dac0000, 0x61b00000)
  object space 21504K, 76% used [0x4c5c0000,0x4d5debf8,0x4dac0000)
 PSPermGen       total 16384K, used 8375K [0x445c0000, 0x455c0000, 0x4c5c0000)
  object space 16384K, 51% used [0x445c0000,0x44dedd58,0x455c0000)
GC Heap History (10 events):
Event: 53,695 GC heap after
Heap after GC invocations=94 (full 0):
 PSYoungGen      total 75776K, used 12442K [0x61b00000, 0x67780000, 0x6c5c0000)
  eden space 60672K, 0% used [0x61b00000,0x61b00000,0x65640000)
  from space 15104K, 82% used [0x66640000,0x67266b90,0x67500000)
  to   space 16384K, 0% used [0x65640000,0x65640000,0x66640000)
 ParOldGen       total 21504K, used 16018K [0x4c5c0000, 0x4dac0000, 0x61b00000)
  object space 21504K, 74% used [0x4c5c0000,0x4d564bb8,0x4dac0000)
 PSPermGen       total 16384K, used 8375K [0x445c0000, 0x455c0000, 0x4c5c0000)
  object space 16384K, 51% used [0x445c0000,0x44dedd58,0x455c0000)
}
Event: 54,924 GC heap before
{Heap before GC invocations=95 (full 0):
 PSYoungGen      total 75776K, used 73114K [0x61b00000, 0x67780000, 0x6c5c0000)
  eden space 60672K, 100% used [0x61b00000,0x65640000,0x65640000)
  from space 15104K, 82% used [0x66640000,0x67266b90,0x67500000)
  to   space 16384K, 0% used [0x65640000,0x65640000,0x66640000)
 ParOldGen       total 21504K, used 16018K [0x4c5c0000, 0x4dac0000, 0x61b00000)
  object space 21504K, 74% used [0x4c5c0000,0x4d564bb8,0x4dac0000)
 PSPermGen       total 16384K, used 8375K [0x445c0000, 0x455c0000, 0x4c5c0000)
  object space 16384K, 51% used [0x445c0000,0x44dedd58,0x455c0000)
Event: 54,942 GC heap after
Heap after GC invocations=95 (full 0):
 PSYoungGen      total 77056K, used 14659K [0x61b00000, 0x685c0000, 0x6c5c0000)
  eden space 60672K, 0% used [0x61b00000,0x61b00000,0x65640000)
  from space 16384K, 89% used [0x65640000,0x66490d60,0x66640000)
  to   space 18176K, 0% used [0x67400000,0x67400000,0x685c0000)
 ParOldGen       total 21504K, used 16106K [0x4c5c0000, 0x4dac0000, 0x61b00000)
  object space 21504K, 74% used [0x4c5c0000,0x4d57abc8,0x4dac0000)
 PSPermGen       total 16384K, used 8375K [0x445c0000, 0x455c0000, 0x4c5c0000)
  object space 16384K, 51% used [0x445c0000,0x44dedd58,0x455c0000)
}
Event: 56,115 GC heap before
{Heap before GC invocations=96 (full 0):
 PSYoungGen      total 77056K, used 75331K [0x61b00000, 0x685c0000, 0x6c5c0000)
  eden space 60672K, 100% used [0x61b00000,0x65640000,0x65640000)
  from space 16384K, 89% used [0x65640000,0x66490d60,0x66640000)
  to   space 18176K, 0% used [0x67400000,0x67400000,0x685c0000)
 ParOldGen       total 21504K, used 16106K [0x4c5c0000, 0x4dac0000, 0x61b00000)
  object space 21504K, 74% used [0x4c5c0000,0x4d57abc8,0x4dac0000)
 PSPermGen       total 16384K, used 8375K [0x445c0000, 0x455c0000, 0x4c5c0000)
  object space 16384K, 51% used [0x445c0000,0x44dedd58,0x455c0000)
Event: 56,213 GC heap after
Heap after GC invocations=96 (full 0):
 PSYoungGen      total 89856K, used 14699K [0x61b00000, 0x68840000, 0x6c5c0000)
  eden space 71680K, 0% used [0x61b00000,0x61b00000,0x66100000)
  from space 18176K, 80% used [0x67400000,0x6825ad90,0x685c0000)
  to   space 19456K, 0% used [0x66100000,0x66100000,0x67400000)
 ParOldGen       total 21504K, used 16194K [0x4c5c0000, 0x4dac0000, 0x61b00000)
  object space 21504K, 75% used [0x4c5c0000,0x4d590bc8,0x4dac0000)
 PSPermGen       total 16384K, used 8375K [0x445c0000, 0x455c0000, 0x4c5c0000)
  object space 16384K, 51% used [0x445c0000,0x44dedd58,0x455c0000)
}
Event: 57,633 GC heap before
{Heap before GC invocations=97 (full 0):
 PSYoungGen      total 89856K, used 86379K [0x61b00000, 0x68840000, 0x6c5c0000)
  eden space 71680K, 100% used [0x61b00000,0x66100000,0x66100000)
  from space 18176K, 80% used [0x67400000,0x6825ad90,0x685c0000)
  to   space 19456K, 0% used [0x66100000,0x66100000,0x67400000)
 ParOldGen       total 21504K, used 16194K [0x4c5c0000, 0x4dac0000, 0x61b00000)
  object space 21504K, 75% used [0x4c5c0000,0x4d590bc8,0x4dac0000)
 PSPermGen       total 16384K, used 8375K [0x445c0000, 0x455c0000, 0x4c5c0000)
  object space 16384K, 51% used [0x445c0000,0x44dedd58,0x455c0000)
Event: 57,657 GC heap after
Heap after GC invocations=97 (full 0):
 PSYoungGen      total 91136K, used 17323K [0x61b00000, 0x69900000, 0x6c5c0000)
  eden space 71680K, 0% used [0x61b00000,0x61b00000,0x66100000)
  from space 19456K, 89% used [0x66100000,0x671eafe0,0x67400000)
  to   space 21504K, 0% used [0x68400000,0x68400000,0x69900000)
 ParOldGen       total 21504K, used 16286K [0x4c5c0000, 0x4dac0000, 0x61b00000)
  object space 21504K, 75% used [0x4c5c0000,0x4d5a7bd8,0x4dac0000)
 PSPermGen       total 16384K, used 8375K [0x445c0000, 0x455c0000, 0x4c5c0000)
  object space 16384K, 51% used [0x445c0000,0x44dedd58,0x455c0000)
}
Event: 59,138 GC heap before
{Heap before GC invocations=98 (full 0):
 PSYoungGen      total 91136K, used 89003K [0x61b00000, 0x69900000, 0x6c5c0000)
  eden space 71680K, 100% used [0x61b00000,0x66100000,0x66100000)
  from space 19456K, 89% used [0x66100000,0x671eafe0,0x67400000)
  to   space 21504K, 0% used [0x68400000,0x68400000,0x69900000)
 ParOldGen       total 21504K, used 16286K [0x4c5c0000, 0x4dac0000, 0x61b00000)
  object space 21504K, 75% used [0x4c5c0000,0x4d5a7bd8,0x4dac0000)
 PSPermGen       total 16384K, used 8375K [0x445c0000, 0x455c0000, 0x4c5c0000)
  object space 16384K, 51% used [0x445c0000,0x44dedd58,0x455c0000)
Event: 59,179 GC heap after
Heap after GC invocations=98 (full 0):
 PSYoungGen      total 105984K, used 17307K [0x61b00000, 0x69c00000, 0x6c5c0000)
  eden space 84480K, 0% used [0x61b00000,0x61b00000,0x66d80000)
  from space 21504K, 80% used [0x68400000,0x694e6fb0,0x69900000)
  to   space 23040K, 0% used [0x66d80000,0x66d80000,0x68400000)
 ParOldGen       total 21504K, used 16414K [0x4c5c0000, 0x4dac0000, 0x61b00000)
  object space 21504K, 76% used [0x4c5c0000,0x4d5c7bf8,0x4dac0000)
 PSPermGen       total 16384K, used 8375K [0x445c0000, 0x455c0000, 0x4c5c0000)
  object space 16384K, 51% used [0x445c0000,0x44dedd58,0x455c0000)
}
Event: 61,256 GC heap before
{Heap before GC invocations=99 (full 0):
 PSYoungGen      total 105984K, used 101787K [0x61b00000, 0x69c00000, 0x6c5c0000)
  eden space 84480K, 100% used [0x61b00000,0x66d80000,0x66d80000)
  from space 21504K, 80% used [0x68400000,0x694e6fb0,0x69900000)
  to   space 23040K, 0% used [0x66d80000,0x66d80000,0x68400000)
 ParOldGen       total 21504K, used 16414K [0x4c5c0000, 0x4dac0000, 0x61b00000)
  object space 21504K, 76% used [0x4c5c0000,0x4d5c7bf8,0x4dac0000)
 PSPermGen       total 16384K, used 8375K [0x445c0000, 0x455c0000, 0x4c5c0000)
  object space 16384K, 51% used [0x445c0000,0x44dedd58,0x455c0000)

