# JRE version: OpenJDK Runtime Environment (7.0_111-b01) (build 1.7.0_111-b01)
# Java VM: OpenJDK Server VM (24.111-b01 mixed mode linux-x86 )
Heap
 PSYoungGen      total 65024K, used 12434K [0x61b00000, 0x66880000, 0x6c5c0000)
  eden space 51456K, 0% used [0x61b00000,0x61b00000,0x64d40000)
  from space 13568K, 91% used [0x64d40000,0x65964be0,0x65a80000)
  to   space 12800K, 0% used [0x65a80000,0x65a80000,0x66700000)
 ParOldGen       total 21504K, used 15810K [0x4c5c0000, 0x4dac0000, 0x61b00000)
  object space 21504K, 73% used [0x4c5c0000,0x4d530a40,0x4dac0000)
 PSPermGen       total 16384K, used 8371K [0x445c0000, 0x455c0000, 0x4c5c0000)
  object space 16384K, 51% used [0x445c0000,0x44dece38,0x455c0000)
GC Heap History (10 events):
Event: 63,652 GC heap after
Heap after GC invocations=120 (full 0):
 PSYoungGen      total 45824K, used 7633K [0x61b00000, 0x65280000, 0x6c5c0000)
  eden space 37120K, 0% used [0x61b00000,0x61b00000,0x63f40000)
  from space 8704K, 87% used [0x64880000,0x64ff4760,0x65100000)
  to   space 9472K, 0% used [0x63f40000,0x63f40000,0x64880000)
 ParOldGen       total 21504K, used 15694K [0x4c5c0000, 0x4dac0000, 0x61b00000)
  object space 21504K, 72% used [0x4c5c0000,0x4d5139f0,0x4dac0000)
 PSPermGen       total 16384K, used 8371K [0x445c0000, 0x455c0000, 0x4c5c0000)
  object space 16384K, 51% used [0x445c0000,0x44decc68,0x455c0000)
}
Event: 64,672 GC heap before
{Heap before GC invocations=121 (full 0):
 PSYoungGen      total 45824K, used 44753K [0x61b00000, 0x65280000, 0x6c5c0000)
  eden space 37120K, 100% used [0x61b00000,0x63f40000,0x63f40000)
  from space 8704K, 87% used [0x64880000,0x64ff4760,0x65100000)
  to   space 9472K, 0% used [0x63f40000,0x63f40000,0x64880000)
 ParOldGen       total 21504K, used 15694K [0x4c5c0000, 0x4dac0000, 0x61b00000)
  object space 21504K, 72% used [0x4c5c0000,0x4d5139f0,0x4dac0000)
 PSPermGen       total 16384K, used 8371K [0x445c0000, 0x455c0000, 0x4c5c0000)
  object space 16384K, 51% used [0x445c0000,0x44decc68,0x455c0000)
Event: 64,684 GC heap after
Heap after GC invocations=121 (full 0):
 PSYoungGen      total 46592K, used 8986K [0x61b00000, 0x65b00000, 0x6c5c0000)
  eden space 37120K, 0% used [0x61b00000,0x61b00000,0x63f40000)
  from space 9472K, 94% used [0x63f40000,0x648068a0,0x64880000)
  to   space 10496K, 0% used [0x650c0000,0x650c0000,0x65b00000)
 ParOldGen       total 21504K, used 15734K [0x4c5c0000, 0x4dac0000, 0x61b00000)
  object space 21504K, 73% used [0x4c5c0000,0x4d51da10,0x4dac0000)
 PSPermGen       total 16384K, used 8371K [0x445c0000, 0x455c0000, 0x4c5c0000)
  object space 16384K, 51% used [0x445c0000,0x44decc68,0x455c0000)
}
Event: 65,577 GC heap before
{Heap before GC invocations=122 (full 0):
 PSYoungGen      total 46592K, used 46106K [0x61b00000, 0x65b00000, 0x6c5c0000)
  eden space 37120K, 100% used [0x61b00000,0x63f40000,0x63f40000)
  from space 9472K, 94% used [0x63f40000,0x648068a0,0x64880000)
  to   space 10496K, 0% used [0x650c0000,0x650c0000,0x65b00000)
 ParOldGen       total 21504K, used 15734K [0x4c5c0000, 0x4dac0000, 0x61b00000)
  object space 21504K, 73% used [0x4c5c0000,0x4d51da10,0x4dac0000)
 PSPermGen       total 16384K, used 8371K [0x445c0000, 0x455c0000, 0x4c5c0000)
  object space 16384K, 51% used [0x445c0000,0x44decc68,0x455c0000)
Event: 65,603 GC heap after
Heap after GC invocations=122 (full 0):
 PSYoungGen      total 54016K, used 9002K [0x61b00000, 0x65d00000, 0x6c5c0000)
  eden space 43520K, 0% used [0x61b00000,0x61b00000,0x64580000)
  from space 10496K, 85% used [0x650c0000,0x6598a8a0,0x65b00000)
  to   space 11520K, 0% used [0x64580000,0x64580000,0x650c0000)
 ParOldGen       total 21504K, used 15758K [0x4c5c0000, 0x4dac0000, 0x61b00000)
  object space 21504K, 73% used [0x4c5c0000,0x4d523a20,0x4dac0000)
 PSPermGen       total 16384K, used 8371K [0x445c0000, 0x455c0000, 0x4c5c0000)
  object space 16384K, 51% used [0x445c0000,0x44decc68,0x455c0000)
}
Event: 66,640 GC heap before
{Heap before GC invocations=123 (full 0):
 PSYoungGen      total 54016K, used 52522K [0x61b00000, 0x65d00000, 0x6c5c0000)
  eden space 43520K, 100% used [0x61b00000,0x64580000,0x64580000)
  from space 10496K, 85% used [0x650c0000,0x6598a8a0,0x65b00000)
  to   space 11520K, 0% used [0x64580000,0x64580000,0x650c0000)
 ParOldGen       total 21504K, used 15758K [0x4c5c0000, 0x4dac0000, 0x61b00000)
  object space 21504K, 73% used [0x4c5c0000,0x4d523a20,0x4dac0000)
 PSPermGen       total 16384K, used 8371K [0x445c0000, 0x455c0000, 0x4c5c0000)
  object space 16384K, 51% used [0x445c0000,0x44decc68,0x455c0000)
Event: 66,651 GC heap after
Heap after GC invocations=123 (full 0):
 PSYoungGen      total 55040K, used 10522K [0x61b00000, 0x66700000, 0x6c5c0000)
  eden space 43520K, 0% used [0x61b00000,0x61b00000,0x64580000)
  from space 11520K, 91% used [0x64580000,0x64fc6a30,0x650c0000)
  to   space 12800K, 0% used [0x65a80000,0x65a80000,0x66700000)
 ParOldGen       total 21504K, used 15782K [0x4c5c0000, 0x4dac0000, 0x61b00000)
  object space 21504K, 73% used [0x4c5c0000,0x4d529a30,0x4dac0000)
 PSPermGen       total 16384K, used 8371K [0x445c0000, 0x455c0000, 0x4c5c0000)
  object space 16384K, 51% used [0x445c0000,0x44decc68,0x455c0000)
}
Event: 67,923 GC heap before
{Heap before GC invocations=124 (full 0):
 PSYoungGen      total 55040K, used 54042K [0x61b00000, 0x66700000, 0x6c5c0000)
  eden space 43520K, 100% used [0x61b00000,0x64580000,0x64580000)
  from space 11520K, 91% used [0x64580000,0x64fc6a30,0x650c0000)
  to   space 12800K, 0% used [0x65a80000,0x65a80000,0x66700000)
 ParOldGen       total 21504K, used 15782K [0x4c5c0000, 0x4dac0000, 0x61b00000)
  object space 21504K, 73% used [0x4c5c0000,0x4d529a30,0x4dac0000)
 PSPermGen       total 16384K, used 8371K [0x445c0000, 0x455c0000, 0x4c5c0000)
  object space 16384K, 51% used [0x445c0000,0x44dece38,0x455c0000)
Event: 67,952 GC heap after
Heap after GC invocations=124 (full 0):
 PSYoungGen      total 64256K, used 10450K [0x61b00000, 0x66880000, 0x6c5c0000)
  eden space 51456K, 0% used [0x61b00000,0x61b00000,0x64d40000)
  from space 12800K, 81% used [0x65a80000,0x664b49e0,0x66700000)
  to   space 13568K, 0% used [0x64d40000,0x64d40000,0x65a80000)
 ParOldGen       total 21504K, used 15802K [0x4c5c0000, 0x4dac0000, 0x61b00000)
  object space 21504K, 73% used [0x4c5c0000,0x4d52ea40,0x4dac0000)
 PSPermGen       total 16384K, used 8371K [0x445c0000, 0x455c0000, 0x4c5c0000)
  object space 16384K, 51% used [0x445c0000,0x44dece38,0x455c0000)
}
Event: 69,648 GC heap before
{Heap before GC invocations=125 (full 0):
 PSYoungGen      total 64256K, used 61906K [0x61b00000, 0x66880000, 0x6c5c0000)
  eden space 51456K, 100% used [0x61b00000,0x64d40000,0x64d40000)
  from space 12800K, 81% used [0x65a80000,0x664b49e0,0x66700000)
  to   space 13568K, 0% used [0x64d40000,0x64d40000,0x65a80000)
 ParOldGen       total 21504K, used 15802K [0x4c5c0000, 0x4dac0000, 0x61b00000)
  object space 21504K, 73% used [0x4c5c0000,0x4d52ea40,0x4dac0000)
 PSPermGen       total 16384K, used 8371K [0x445c0000, 0x455c0000, 0x4c5c0000)
  object space 16384K, 51% used [0x445c0000,0x44dece38,0x455c0000)

