# JRE version: OpenJDK Runtime Environment (7.0_111-b01) (build 1.7.0_111-b01)
# Java VM: OpenJDK Server VM (24.111-b01 mixed mode linux-x86 )
Heap
 PSYoungGen      total 56320K, used 10762K [0x61b00000, 0x65e40000, 0x6c5c0000)
  eden space 44544K, 0% used [0x61b00000,0x61b00000,0x64680000)
  from space 11776K, 91% used [0x64680000,0x65102a10,0x65200000)
  to   space 11008K, 0% used [0x65200000,0x65200000,0x65cc0000)
 ParOldGen       total 21504K, used 13944K [0x4c5c0000, 0x4dac0000, 0x61b00000)
  object space 21504K, 64% used [0x4c5c0000,0x4d35e208,0x4dac0000)
 PSPermGen       total 16384K, used 8373K [0x445c0000, 0x455c0000, 0x4c5c0000)
  object space 16384K, 51% used [0x445c0000,0x44ded7b0,0x455c0000)
GC Heap History (10 events):
Event: 47,201 GC heap after
Heap after GC invocations=86 (full 0):
 PSYoungGen      total 39424K, used 6545K [0x61b00000, 0x64b00000, 0x6c5c0000)
  eden space 32000K, 0% used [0x61b00000,0x61b00000,0x63a40000)
  from space 7424K, 88% used [0x64240000,0x648a4640,0x64980000)
  to   space 8192K, 0% used [0x63a40000,0x63a40000,0x64240000)
 ParOldGen       total 21504K, used 13836K [0x4c5c0000, 0x4dac0000, 0x61b00000)
  object space 21504K, 64% used [0x4c5c0000,0x4d3431c8,0x4dac0000)
 PSPermGen       total 16384K, used 8372K [0x445c0000, 0x455c0000, 0x4c5c0000)
  object space 16384K, 51% used [0x445c0000,0x44ded0b8,0x455c0000)
}
Event: 48,113 GC heap before
{Heap before GC invocations=87 (full 0):
 PSYoungGen      total 39424K, used 38545K [0x61b00000, 0x64b00000, 0x6c5c0000)
  eden space 32000K, 100% used [0x61b00000,0x63a40000,0x63a40000)
  from space 7424K, 88% used [0x64240000,0x648a4640,0x64980000)
  to   space 8192K, 0% used [0x63a40000,0x63a40000,0x64240000)
 ParOldGen       total 21504K, used 13836K [0x4c5c0000, 0x4dac0000, 0x61b00000)
  object space 21504K, 64% used [0x4c5c0000,0x4d3431c8,0x4dac0000)
 PSPermGen       total 16384K, used 8372K [0x445c0000, 0x455c0000, 0x4c5c0000)
  object space 16384K, 51% used [0x445c0000,0x44ded0c8,0x455c0000)
Event: 48,122 GC heap after
Heap after GC invocations=87 (full 0):
 PSYoungGen      total 40192K, used 7673K [0x61b00000, 0x65200000, 0x6c5c0000)
  eden space 32000K, 0% used [0x61b00000,0x61b00000,0x63a40000)
  from space 8192K, 93% used [0x63a40000,0x641be770,0x64240000)
  to   space 8960K, 0% used [0x64940000,0x64940000,0x65200000)
 ParOldGen       total 21504K, used 13860K [0x4c5c0000, 0x4dac0000, 0x61b00000)
  object space 21504K, 64% used [0x4c5c0000,0x4d3491d8,0x4dac0000)
 PSPermGen       total 16384K, used 8372K [0x445c0000, 0x455c0000, 0x4c5c0000)
  object space 16384K, 51% used [0x445c0000,0x44ded0c8,0x455c0000)
}
Event: 49,057 GC heap before
{Heap before GC invocations=88 (full 0):
 PSYoungGen      total 40192K, used 39673K [0x61b00000, 0x65200000, 0x6c5c0000)
  eden space 32000K, 100% used [0x61b00000,0x63a40000,0x63a40000)
  from space 8192K, 93% used [0x63a40000,0x641be770,0x64240000)
  to   space 8960K, 0% used [0x64940000,0x64940000,0x65200000)
 ParOldGen       total 21504K, used 13860K [0x4c5c0000, 0x4dac0000, 0x61b00000)
  object space 21504K, 64% used [0x4c5c0000,0x4d3491d8,0x4dac0000)
 PSPermGen       total 16384K, used 8372K [0x445c0000, 0x455c0000, 0x4c5c0000)
  object space 16384K, 51% used [0x445c0000,0x44ded0d8,0x455c0000)
Event: 49,072 GC heap after
Heap after GC invocations=88 (full 0):
 PSYoungGen      total 46592K, used 7705K [0x61b00000, 0x65380000, 0x6c5c0000)
  eden space 37632K, 0% used [0x61b00000,0x61b00000,0x63fc0000)
  from space 8960K, 86% used [0x64940000,0x650c6750,0x65200000)
  to   space 9728K, 0% used [0x63fc0000,0x63fc0000,0x64940000)
 ParOldGen       total 21504K, used 13868K [0x4c5c0000, 0x4dac0000, 0x61b00000)
  object space 21504K, 64% used [0x4c5c0000,0x4d34b1d8,0x4dac0000)
 PSPermGen       total 16384K, used 8372K [0x445c0000, 0x455c0000, 0x4c5c0000)
  object space 16384K, 51% used [0x445c0000,0x44ded0d8,0x455c0000)
}
Event: 50,192 GC heap before
{Heap before GC invocations=89 (full 0):
 PSYoungGen      total 46592K, used 45337K [0x61b00000, 0x65380000, 0x6c5c0000)
  eden space 37632K, 100% used [0x61b00000,0x63fc0000,0x63fc0000)
  from space 8960K, 86% used [0x64940000,0x650c6750,0x65200000)
  to   space 9728K, 0% used [0x63fc0000,0x63fc0000,0x64940000)
 ParOldGen       total 21504K, used 13868K [0x4c5c0000, 0x4dac0000, 0x61b00000)
  object space 21504K, 64% used [0x4c5c0000,0x4d34b1d8,0x4dac0000)
 PSPermGen       total 16384K, used 8372K [0x445c0000, 0x455c0000, 0x4c5c0000)
  object space 16384K, 51% used [0x445c0000,0x44ded0d8,0x455c0000)
Event: 50,203 GC heap after
Heap after GC invocations=89 (full 0):
 PSYoungGen      total 47360K, used 9058K [0x61b00000, 0x65cc0000, 0x6c5c0000)
  eden space 37632K, 0% used [0x61b00000,0x61b00000,0x63fc0000)
  from space 9728K, 93% used [0x63fc0000,0x648988c0,0x64940000)
  to   space 11008K, 0% used [0x65200000,0x65200000,0x65cc0000)
 ParOldGen       total 21504K, used 13892K [0x4c5c0000, 0x4dac0000, 0x61b00000)
  object space 21504K, 64% used [0x4c5c0000,0x4d3511e8,0x4dac0000)
 PSPermGen       total 16384K, used 8372K [0x445c0000, 0x455c0000, 0x4c5c0000)
  object space 16384K, 51% used [0x445c0000,0x44ded0d8,0x455c0000)
}
Event: 51,308 GC heap before
{Heap before GC invocations=90 (full 0):
 PSYoungGen      total 47360K, used 46690K [0x61b00000, 0x65cc0000, 0x6c5c0000)
  eden space 37632K, 100% used [0x61b00000,0x63fc0000,0x63fc0000)
  from space 9728K, 93% used [0x63fc0000,0x648988c0,0x64940000)
  to   space 11008K, 0% used [0x65200000,0x65200000,0x65cc0000)
 ParOldGen       total 21504K, used 13892K [0x4c5c0000, 0x4dac0000, 0x61b00000)
  object space 21504K, 64% used [0x4c5c0000,0x4d3511e8,0x4dac0000)
 PSPermGen       total 16384K, used 8373K [0x445c0000, 0x455c0000, 0x4c5c0000)
  object space 16384K, 51% used [0x445c0000,0x44ded7a0,0x455c0000)
Event: 51,326 GC heap after
Heap after GC invocations=90 (full 0):
 PSYoungGen      total 55552K, used 9074K [0x61b00000, 0x65e40000, 0x6c5c0000)
  eden space 44544K, 0% used [0x61b00000,0x61b00000,0x64680000)
  from space 11008K, 82% used [0x65200000,0x65adc8c0,0x65cc0000)
  to   space 11776K, 0% used [0x64680000,0x64680000,0x65200000)
 ParOldGen       total 21504K, used 13920K [0x4c5c0000, 0x4dac0000, 0x61b00000)
  object space 21504K, 64% used [0x4c5c0000,0x4d3581f8,0x4dac0000)
 PSPermGen       total 16384K, used 8373K [0x445c0000, 0x455c0000, 0x4c5c0000)
  object space 16384K, 51% used [0x445c0000,0x44ded7a0,0x455c0000)
}
Event: 53,997 GC heap before
{Heap before GC invocations=91 (full 0):
 PSYoungGen      total 55552K, used 53618K [0x61b00000, 0x65e40000, 0x6c5c0000)
  eden space 44544K, 100% used [0x61b00000,0x64680000,0x64680000)
  from space 11008K, 82% used [0x65200000,0x65adc8c0,0x65cc0000)
  to   space 11776K, 0% used [0x64680000,0x64680000,0x65200000)
 ParOldGen       total 21504K, used 13920K [0x4c5c0000, 0x4dac0000, 0x61b00000)
  object space 21504K, 64% used [0x4c5c0000,0x4d3581f8,0x4dac0000)
 PSPermGen       total 16384K, used 8373K [0x445c0000, 0x455c0000, 0x4c5c0000)
  object space 16384K, 51% used [0x445c0000,0x44ded7b0,0x455c0000)

