# JRE version: OpenJDK Runtime Environment (7.0_111-b01) (build 1.7.0_111-b01)
# Java VM: OpenJDK Server VM (24.111-b01 mixed mode linux-x86 )
Heap
 PSYoungGen      total 122112K, used 19196K [0x61b00000, 0x6a700000, 0x6c5c0000)
  eden space 102912K, 0% used [0x61b00000,0x61b00000,0x67f80000)
  from space 19200K, 99% used [0x67f80000,0x6923f190,0x69240000)
  to   space 16896K, 0% used [0x69240000,0x69240000,0x6a2c0000)
 ParOldGen       total 24832K, used 18276K [0x4c5c0000, 0x4de00000, 0x61b00000)
  object space 24832K, 73% used [0x4c5c0000,0x4d7990c0,0x4de00000)
 PSPermGen       total 16640K, used 8368K [0x445c0000, 0x45600000, 0x4c5c0000)
  object space 16640K, 50% used [0x445c0000,0x44dec230,0x45600000)
GC Heap History (10 events):
Event: 24,138 GC heap after
Heap after GC invocations=13 (full 1):
 PSYoungGen      total 59136K, used 9714K [0x61b00000, 0x66bc0000, 0x6c5c0000)
  eden space 49408K, 0% used [0x61b00000,0x61b00000,0x64b40000)
  from space 9728K, 99% used [0x65600000,0x65f7c8e0,0x65f80000)
  to   space 11008K, 0% used [0x64b40000,0x64b40000,0x65600000)
 ParOldGen       total 24832K, used 9400K [0x4c5c0000, 0x4de00000, 0x61b00000)
  object space 24832K, 37% used [0x4c5c0000,0x4ceee3f0,0x4de00000)
 PSPermGen       total 16640K, used 8222K [0x445c0000, 0x45600000, 0x4c5c0000)
  object space 16640K, 49% used [0x445c0000,0x44dc7848,0x45600000)
}
Event: 26,023 GC heap before
{Heap before GC invocations=14 (full 1):
 PSYoungGen      total 59136K, used 59122K [0x61b00000, 0x66bc0000, 0x6c5c0000)
  eden space 49408K, 100% used [0x61b00000,0x64b40000,0x64b40000)
  from space 9728K, 99% used [0x65600000,0x65f7c8e0,0x65f80000)
  to   space 11008K, 0% used [0x64b40000,0x64b40000,0x65600000)
 ParOldGen       total 24832K, used 9400K [0x4c5c0000, 0x4de00000, 0x61b00000)
  object space 24832K, 37% used [0x4c5c0000,0x4ceee3f0,0x4de00000)
 PSPermGen       total 16640K, used 8322K [0x445c0000, 0x45600000, 0x4c5c0000)
  object space 16640K, 50% used [0x445c0000,0x44de09e8,0x45600000)
Event: 26,037 GC heap after
Heap after GC invocations=14 (full 1):
 PSYoungGen      total 60416K, used 11002K [0x61b00000, 0x67900000, 0x6c5c0000)
  eden space 49408K, 0% used [0x61b00000,0x61b00000,0x64b40000)
  from space 11008K, 99% used [0x64b40000,0x655fe9f0,0x65600000)
  to   space 12544K, 0% used [0x66cc0000,0x66cc0000,0x67900000)
 ParOldGen       total 24832K, used 9949K [0x4c5c0000, 0x4de00000, 0x61b00000)
  object space 24832K, 40% used [0x4c5c0000,0x4cf775a0,0x4de00000)
 PSPermGen       total 16640K, used 8322K [0x445c0000, 0x45600000, 0x4c5c0000)
  object space 16640K, 50% used [0x445c0000,0x44de09e8,0x45600000)
}
Event: 27,981 GC heap before
{Heap before GC invocations=15 (full 1):
 PSYoungGen      total 60416K, used 60410K [0x61b00000, 0x67900000, 0x6c5c0000)
  eden space 49408K, 100% used [0x61b00000,0x64b40000,0x64b40000)
  from space 11008K, 99% used [0x64b40000,0x655fe9f0,0x65600000)
  to   space 12544K, 0% used [0x66cc0000,0x66cc0000,0x67900000)
 ParOldGen       total 24832K, used 9949K [0x4c5c0000, 0x4de00000, 0x61b00000)
  object space 24832K, 40% used [0x4c5c0000,0x4cf775a0,0x4de00000)
 PSPermGen       total 16640K, used 8333K [0x445c0000, 0x45600000, 0x4c5c0000)
  object space 16640K, 50% used [0x445c0000,0x44de3458,0x45600000)
Event: 28,005 GC heap after
Heap after GC invocations=15 (full 1):
 PSYoungGen      total 82176K, used 11658K [0x61b00000, 0x67cc0000, 0x6c5c0000)
  eden space 69632K, 0% used [0x61b00000,0x61b00000,0x65f00000)
  from space 12544K, 92% used [0x66cc0000,0x67822a90,0x67900000)
  to   space 14080K, 0% used [0x65f00000,0x65f00000,0x66cc0000)
 ParOldGen       total 24832K, used 10041K [0x4c5c0000, 0x4de00000, 0x61b00000)
  object space 24832K, 40% used [0x4c5c0000,0x4cf8e5a0,0x4de00000)
 PSPermGen       total 16640K, used 8333K [0x445c0000, 0x45600000, 0x4c5c0000)
  object space 16640K, 50% used [0x445c0000,0x44de3458,0x45600000)
}
Event: 30,865 GC heap before
{Heap before GC invocations=16 (full 1):
 PSYoungGen      total 82176K, used 81290K [0x61b00000, 0x67cc0000, 0x6c5c0000)
  eden space 69632K, 100% used [0x61b00000,0x65f00000,0x65f00000)
  from space 12544K, 92% used [0x66cc0000,0x67822a90,0x67900000)
  to   space 14080K, 0% used [0x65f00000,0x65f00000,0x66cc0000)
 ParOldGen       total 24832K, used 10041K [0x4c5c0000, 0x4de00000, 0x61b00000)
  object space 24832K, 40% used [0x4c5c0000,0x4cf8e5a0,0x4de00000)
 PSPermGen       total 16640K, used 8367K [0x445c0000, 0x45600000, 0x4c5c0000)
  object space 16640K, 50% used [0x445c0000,0x44debc58,0x45600000)
Event: 30,968 GC heap after
Heap after GC invocations=16 (full 1):
 PSYoungGen      total 83712K, used 14075K [0x61b00000, 0x6a2c0000, 0x6c5c0000)
  eden space 69632K, 0% used [0x61b00000,0x61b00000,0x65f00000)
  from space 14080K, 99% used [0x65f00000,0x66cbecf0,0x66cc0000)
  to   space 16896K, 0% used [0x69240000,0x69240000,0x6a2c0000)
 ParOldGen       total 24832K, used 12543K [0x4c5c0000, 0x4de00000, 0x61b00000)
  object space 24832K, 50% used [0x4c5c0000,0x4d1ffdf0,0x4de00000)
 PSPermGen       total 16640K, used 8367K [0x445c0000, 0x45600000, 0x4c5c0000)
  object space 16640K, 50% used [0x445c0000,0x44debc58,0x45600000)
}
Event: 33,820 GC heap before
{Heap before GC invocations=17 (full 1):
 PSYoungGen      total 83712K, used 83707K [0x61b00000, 0x6a2c0000, 0x6c5c0000)
  eden space 69632K, 100% used [0x61b00000,0x65f00000,0x65f00000)
  from space 14080K, 99% used [0x65f00000,0x66cbecf0,0x66cc0000)
  to   space 16896K, 0% used [0x69240000,0x69240000,0x6a2c0000)
 ParOldGen       total 24832K, used 12543K [0x4c5c0000, 0x4de00000, 0x61b00000)
  object space 24832K, 50% used [0x4c5c0000,0x4d1ffdf0,0x4de00000)
 PSPermGen       total 16640K, used 8368K [0x445c0000, 0x45600000, 0x4c5c0000)
  object space 16640K, 50% used [0x445c0000,0x44dec220,0x45600000)
Event: 33,859 GC heap after
Heap after GC invocations=17 (full 1):
 PSYoungGen      total 119808K, used 16579K [0x61b00000, 0x6a700000, 0x6c5c0000)
  eden space 102912K, 0% used [0x61b00000,0x61b00000,0x67f80000)
  from space 16896K, 98% used [0x69240000,0x6a270f20,0x6a2c0000)
  to   space 19200K, 0% used [0x67f80000,0x67f80000,0x69240000)
 ParOldGen       total 24832K, used 12707K [0x4c5c0000, 0x4de00000, 0x61b00000)
  object space 24832K, 51% used [0x4c5c0000,0x4d228e10,0x4de00000)
 PSPermGen       total 16640K, used 8368K [0x445c0000, 0x45600000, 0x4c5c0000)
  object space 16640K, 50% used [0x445c0000,0x44dec220,0x45600000)
}
Event: 37,965 GC heap before
{Heap before GC invocations=18 (full 1):
 PSYoungGen      total 119808K, used 119491K [0x61b00000, 0x6a700000, 0x6c5c0000)
  eden space 102912K, 100% used [0x61b00000,0x67f80000,0x67f80000)
  from space 16896K, 98% used [0x69240000,0x6a270f20,0x6a2c0000)
  to   space 19200K, 0% used [0x67f80000,0x67f80000,0x69240000)
 ParOldGen       total 24832K, used 12707K [0x4c5c0000, 0x4de00000, 0x61b00000)
  object space 24832K, 51% used [0x4c5c0000,0x4d228e10,0x4de00000)
 PSPermGen       total 16640K, used 8368K [0x445c0000, 0x45600000, 0x4c5c0000)
  object space 16640K, 50% used [0x445c0000,0x44dec230,0x45600000)

