# JRE version: OpenJDK Runtime Environment (7.0_111-b01) (build 1.7.0_111-b01)
# Java VM: OpenJDK Server VM (24.111-b01 mixed mode linux-x86 )
Heap
 PSYoungGen      total 97280K, used 18076K [0x61a00000, 0x69dc0000, 0x6c4c0000)
  eden space 74752K, 0% used [0x61a00000,0x61a00000,0x66300000)
  from space 22528K, 80% used [0x687c0000,0x69967150,0x69dc0000)
  to   space 20224K, 0% used [0x66300000,0x66300000,0x676c0000)
 ParOldGen       total 21504K, used 17495K [0x4c4c0000, 0x4d9c0000, 0x61a00000)
  object space 21504K, 81% used [0x4c4c0000,0x4d5d5f50,0x4d9c0000)
 PSPermGen       total 16384K, used 8370K [0x444c0000, 0x454c0000, 0x4c4c0000)
  object space 16384K, 51% used [0x444c0000,0x44cecb60,0x454c0000)
GC Heap History (10 events):
Event: 85,749 GC heap after
Heap after GC invocations=137 (full 0):
 PSYoungGen      total 67840K, used 12971K [0x61a00000, 0x677c0000, 0x6c4c0000)
  eden space 53504K, 0% used [0x61a00000,0x61a00000,0x64e40000)
  from space 14336K, 90% used [0x64e40000,0x65aeac50,0x65c40000)
  to   space 15872K, 0% used [0x66840000,0x66840000,0x677c0000)
 ParOldGen       total 21504K, used 17379K [0x4c4c0000, 0x4d9c0000, 0x61a00000)
  object space 21504K, 80% used [0x4c4c0000,0x4d5b8ef0,0x4d9c0000)
 PSPermGen       total 16384K, used 8370K [0x444c0000, 0x454c0000, 0x4c4c0000)
  object space 16384K, 51% used [0x444c0000,0x44cec990,0x454c0000)
}
Event: 86,801 GC heap before
{Heap before GC invocations=138 (full 0):
 PSYoungGen      total 67840K, used 66475K [0x61a00000, 0x677c0000, 0x6c4c0000)
  eden space 53504K, 100% used [0x61a00000,0x64e40000,0x64e40000)
  from space 14336K, 90% used [0x64e40000,0x65aeac50,0x65c40000)
  to   space 15872K, 0% used [0x66840000,0x66840000,0x677c0000)
 ParOldGen       total 21504K, used 17379K [0x4c4c0000, 0x4d9c0000, 0x61a00000)
  object space 21504K, 80% used [0x4c4c0000,0x4d5b8ef0,0x4d9c0000)
 PSPermGen       total 16384K, used 8370K [0x444c0000, 0x454c0000, 0x4c4c0000)
  object space 16384K, 51% used [0x444c0000,0x44cec990,0x454c0000)
Event: 86,839 GC heap after
Heap after GC invocations=138 (full 0):
 PSYoungGen      total 79104K, used 12955K [0x61a00000, 0x679c0000, 0x6c4c0000)
  eden space 63232K, 0% used [0x61a00000,0x61a00000,0x657c0000)
  from space 15872K, 81% used [0x66840000,0x674e6c30,0x677c0000)
  to   space 16896K, 0% used [0x657c0000,0x657c0000,0x66840000)
 ParOldGen       total 21504K, used 17407K [0x4c4c0000, 0x4d9c0000, 0x61a00000)
  object space 21504K, 80% used [0x4c4c0000,0x4d5bff10,0x4d9c0000)
 PSPermGen       total 16384K, used 8370K [0x444c0000, 0x454c0000, 0x4c4c0000)
  object space 16384K, 51% used [0x444c0000,0x44cec990,0x454c0000)
}
Event: 88,136 GC heap before
{Heap before GC invocations=139 (full 0):
 PSYoungGen      total 79104K, used 76187K [0x61a00000, 0x679c0000, 0x6c4c0000)
  eden space 63232K, 100% used [0x61a00000,0x657c0000,0x657c0000)
  from space 15872K, 81% used [0x66840000,0x674e6c30,0x677c0000)
  to   space 16896K, 0% used [0x657c0000,0x657c0000,0x66840000)
 ParOldGen       total 21504K, used 17407K [0x4c4c0000, 0x4d9c0000, 0x61a00000)
  object space 21504K, 80% used [0x4c4c0000,0x4d5bff10,0x4d9c0000)
 PSPermGen       total 16384K, used 8370K [0x444c0000, 0x454c0000, 0x4c4c0000)
  object space 16384K, 51% used [0x444c0000,0x44cec990,0x454c0000)
Event: 88,154 GC heap after
Heap after GC invocations=139 (full 0):
 PSYoungGen      total 80128K, used 15331K [0x61a00000, 0x68940000, 0x6c4c0000)
  eden space 63232K, 0% used [0x61a00000,0x61a00000,0x657c0000)
  from space 16896K, 90% used [0x657c0000,0x666b8ec0,0x66840000)
  to   space 18944K, 0% used [0x676c0000,0x676c0000,0x68940000)
 ParOldGen       total 21504K, used 17431K [0x4c4c0000, 0x4d9c0000, 0x61a00000)
  object space 21504K, 81% used [0x4c4c0000,0x4d5c5f20,0x4d9c0000)
 PSPermGen       total 16384K, used 8370K [0x444c0000, 0x454c0000, 0x4c4c0000)
  object space 16384K, 51% used [0x444c0000,0x44cec990,0x454c0000)
}
Event: 89,448 GC heap before
{Heap before GC invocations=140 (full 0):
 PSYoungGen      total 80128K, used 78563K [0x61a00000, 0x68940000, 0x6c4c0000)
  eden space 63232K, 100% used [0x61a00000,0x657c0000,0x657c0000)
  from space 16896K, 90% used [0x657c0000,0x666b8ec0,0x66840000)
  to   space 18944K, 0% used [0x676c0000,0x676c0000,0x68940000)
 ParOldGen       total 21504K, used 17431K [0x4c4c0000, 0x4d9c0000, 0x61a00000)
  object space 21504K, 81% used [0x4c4c0000,0x4d5c5f20,0x4d9c0000)
 PSPermGen       total 16384K, used 8370K [0x444c0000, 0x454c0000, 0x4c4c0000)
  object space 16384K, 51% used [0x444c0000,0x44cecb60,0x454c0000)
Event: 89,483 GC heap after
Heap after GC invocations=140 (full 0):
 PSYoungGen      total 93696K, used 15291K [0x61a00000, 0x68bc0000, 0x6c4c0000)
  eden space 74752K, 0% used [0x61a00000,0x61a00000,0x66300000)
  from space 18944K, 80% used [0x676c0000,0x685aee70,0x68940000)
  to   space 20224K, 0% used [0x66300000,0x66300000,0x676c0000)
 ParOldGen       total 21504K, used 17451K [0x4c4c0000, 0x4d9c0000, 0x61a00000)
  object space 21504K, 81% used [0x4c4c0000,0x4d5caf30,0x4d9c0000)
 PSPermGen       total 16384K, used 8370K [0x444c0000, 0x454c0000, 0x4c4c0000)
  object space 16384K, 51% used [0x444c0000,0x44cecb60,0x454c0000)
}
Event: 91,847 GC heap before
{Heap before GC invocations=141 (full 0):
 PSYoungGen      total 93696K, used 90043K [0x61a00000, 0x68bc0000, 0x6c4c0000)
  eden space 74752K, 100% used [0x61a00000,0x66300000,0x66300000)
  from space 18944K, 80% used [0x676c0000,0x685aee70,0x68940000)
  to   space 20224K, 0% used [0x66300000,0x66300000,0x676c0000)
 ParOldGen       total 21504K, used 17451K [0x4c4c0000, 0x4d9c0000, 0x61a00000)
  object space 21504K, 81% used [0x4c4c0000,0x4d5caf30,0x4d9c0000)
 PSPermGen       total 16384K, used 8370K [0x444c0000, 0x454c0000, 0x4c4c0000)
  object space 16384K, 51% used [0x444c0000,0x44cecb60,0x454c0000)
Event: 91,875 GC heap after
Heap after GC invocations=141 (full 0):
 PSYoungGen      total 94976K, used 18092K [0x61a00000, 0x69dc0000, 0x6c4c0000)
  eden space 74752K, 0% used [0x61a00000,0x61a00000,0x66300000)
  from space 20224K, 89% used [0x66300000,0x674ab170,0x676c0000)
  to   space 22528K, 0% used [0x687c0000,0x687c0000,0x69dc0000)
 ParOldGen       total 21504K, used 17455K [0x4c4c0000, 0x4d9c0000, 0x61a00000)
  object space 21504K, 81% used [0x4c4c0000,0x4d5cbf30,0x4d9c0000)
 PSPermGen       total 16384K, used 8370K [0x444c0000, 0x454c0000, 0x4c4c0000)
  object space 16384K, 51% used [0x444c0000,0x44cecb60,0x454c0000)
}
Event: 94,679 GC heap before
{Heap before GC invocations=142 (full 0):
 PSYoungGen      total 94976K, used 92844K [0x61a00000, 0x69dc0000, 0x6c4c0000)
  eden space 74752K, 100% used [0x61a00000,0x66300000,0x66300000)
  from space 20224K, 89% used [0x66300000,0x674ab170,0x676c0000)
  to   space 22528K, 0% used [0x687c0000,0x687c0000,0x69dc0000)
 ParOldGen       total 21504K, used 17455K [0x4c4c0000, 0x4d9c0000, 0x61a00000)
  object space 21504K, 81% used [0x4c4c0000,0x4d5cbf30,0x4d9c0000)
 PSPermGen       total 16384K, used 8370K [0x444c0000, 0x454c0000, 0x4c4c0000)
  object space 16384K, 51% used [0x444c0000,0x44cecb60,0x454c0000)

