# JRE version: OpenJDK Runtime Environment (7.0_111-b01) (build 1.7.0_111-b01)
# Java VM: OpenJDK Server VM (24.111-b01 mixed mode linux-x86 )
Heap
 PSYoungGen      total 103424K, used 19628K [0x61a80000, 0x696c0000, 0x6c540000)
  eden space 81152K, 0% used [0x61a80000,0x61a80000,0x669c0000)
  from space 22272K, 88% used [0x669c0000,0x67ceb210,0x67f80000)
  to   space 20736K, 0% used [0x67f80000,0x67f80000,0x693c0000)
 ParOldGen       total 21504K, used 15110K [0x4c540000, 0x4da40000, 0x61a80000)
  object space 21504K, 70% used [0x4c540000,0x4d401a30,0x4da40000)
 PSPermGen       total 16384K, used 8374K [0x44540000, 0x45540000, 0x4c540000)
  object space 16384K, 51% used [0x44540000,0x44d6db18,0x45540000)
GC Heap History (10 events):
Event: 58,388 GC heap after
Heap after GC invocations=66 (full 0):
 PSYoungGen      total 72960K, used 11930K [0x61a80000, 0x673c0000, 0x6c540000)
  eden space 58368K, 0% used [0x61a80000,0x61a80000,0x65380000)
  from space 14592K, 81% used [0x66300000,0x66ea6ab0,0x67140000)
  to   space 15872K, 0% used [0x65380000,0x65380000,0x66300000)
 ParOldGen       total 21504K, used 14606K [0x4c540000, 0x4da40000, 0x61a80000)
  object space 21504K, 67% used [0x4c540000,0x4d3839e0,0x4da40000)
 PSPermGen       total 16384K, used 8372K [0x44540000, 0x45540000, 0x4c540000)
  object space 16384K, 51% used [0x44540000,0x44d6d090,0x45540000)
}
Event: 62,969 GC heap before
{Heap before GC invocations=67 (full 0):
 PSYoungGen      total 72960K, used 70298K [0x61a80000, 0x673c0000, 0x6c540000)
  eden space 58368K, 100% used [0x61a80000,0x65380000,0x65380000)
  from space 14592K, 81% used [0x66300000,0x66ea6ab0,0x67140000)
  to   space 15872K, 0% used [0x65380000,0x65380000,0x66300000)
 ParOldGen       total 21504K, used 14606K [0x4c540000, 0x4da40000, 0x61a80000)
  object space 21504K, 67% used [0x4c540000,0x4d3839e0,0x4da40000)
 PSPermGen       total 16384K, used 8373K [0x44540000, 0x45540000, 0x4c540000)
  object space 16384K, 51% used [0x44540000,0x44d6d758,0x45540000)
Event: 62,993 GC heap after
Heap after GC invocations=67 (full 0):
 PSYoungGen      total 74240K, used 13947K [0x61a80000, 0x68100000, 0x6c540000)
  eden space 58368K, 0% used [0x61a80000,0x61a80000,0x65380000)
  from space 15872K, 87% used [0x65380000,0x6611ecd0,0x66300000)
  to   space 17408K, 0% used [0x67000000,0x67000000,0x68100000)
 ParOldGen       total 21504K, used 14674K [0x4c540000, 0x4da40000, 0x61a80000)
  object space 21504K, 68% used [0x4c540000,0x4d3949e0,0x4da40000)
 PSPermGen       total 16384K, used 8373K [0x44540000, 0x45540000, 0x4c540000)
  object space 16384K, 51% used [0x44540000,0x44d6d758,0x45540000)
}
Event: 64,951 GC heap before
{Heap before GC invocations=68 (full 0):
 PSYoungGen      total 74240K, used 72315K [0x61a80000, 0x68100000, 0x6c540000)
  eden space 58368K, 100% used [0x61a80000,0x65380000,0x65380000)
  from space 15872K, 87% used [0x65380000,0x6611ecd0,0x66300000)
  to   space 17408K, 0% used [0x67000000,0x67000000,0x68100000)
 ParOldGen       total 21504K, used 14674K [0x4c540000, 0x4da40000, 0x61a80000)
  object space 21504K, 68% used [0x4c540000,0x4d3949e0,0x4da40000)
 PSPermGen       total 16384K, used 8374K [0x44540000, 0x45540000, 0x4c540000)
  object space 16384K, 51% used [0x44540000,0x44d6d928,0x45540000)
Event: 65,006 GC heap after
Heap after GC invocations=68 (full 0):
 PSYoungGen      total 86272K, used 14035K [0x61a80000, 0x68380000, 0x6c540000)
  eden space 68864K, 0% used [0x61a80000,0x61a80000,0x65dc0000)
  from space 17408K, 80% used [0x67000000,0x67db4cc0,0x68100000)
  to   space 18688K, 0% used [0x65dc0000,0x65dc0000,0x67000000)
 ParOldGen       total 21504K, used 14782K [0x4c540000, 0x4da40000, 0x61a80000)
  object space 21504K, 68% used [0x4c540000,0x4d3af9f0,0x4da40000)
 PSPermGen       total 16384K, used 8374K [0x44540000, 0x45540000, 0x4c540000)
  object space 16384K, 51% used [0x44540000,0x44d6d928,0x45540000)
}
Event: 66,988 GC heap before
{Heap before GC invocations=69 (full 0):
 PSYoungGen      total 86272K, used 82899K [0x61a80000, 0x68380000, 0x6c540000)
  eden space 68864K, 100% used [0x61a80000,0x65dc0000,0x65dc0000)
  from space 17408K, 80% used [0x67000000,0x67db4cc0,0x68100000)
  to   space 18688K, 0% used [0x65dc0000,0x65dc0000,0x67000000)
 ParOldGen       total 21504K, used 14782K [0x4c540000, 0x4da40000, 0x61a80000)
  object space 21504K, 68% used [0x4c540000,0x4d3af9f0,0x4da40000)
 PSPermGen       total 16384K, used 8374K [0x44540000, 0x45540000, 0x4c540000)
  object space 16384K, 51% used [0x44540000,0x44d6d928,0x45540000)
Event: 67,007 GC heap after
Heap after GC invocations=69 (full 0):
 PSYoungGen      total 87552K, used 16579K [0x61a80000, 0x693c0000, 0x6c540000)
  eden space 68864K, 0% used [0x61a80000,0x61a80000,0x65dc0000)
  from space 18688K, 88% used [0x65dc0000,0x66df0f20,0x67000000)
  to   space 20736K, 0% used [0x67f80000,0x67f80000,0x693c0000)
 ParOldGen       total 21504K, used 14886K [0x4c540000, 0x4da40000, 0x61a80000)
  object space 21504K, 69% used [0x4c540000,0x4d3c9a10,0x4da40000)
 PSPermGen       total 16384K, used 8374K [0x44540000, 0x45540000, 0x4c540000)
  object space 16384K, 51% used [0x44540000,0x44d6d928,0x45540000)
}
Event: 68,643 GC heap before
{Heap before GC invocations=70 (full 0):
 PSYoungGen      total 87552K, used 85443K [0x61a80000, 0x693c0000, 0x6c540000)
  eden space 68864K, 100% used [0x61a80000,0x65dc0000,0x65dc0000)
  from space 18688K, 88% used [0x65dc0000,0x66df0f20,0x67000000)
  to   space 20736K, 0% used [0x67f80000,0x67f80000,0x693c0000)
 ParOldGen       total 21504K, used 14886K [0x4c540000, 0x4da40000, 0x61a80000)
  object space 21504K, 69% used [0x4c540000,0x4d3c9a10,0x4da40000)
 PSPermGen       total 16384K, used 8374K [0x44540000, 0x45540000, 0x4c540000)
  object space 16384K, 51% used [0x44540000,0x44d6d938,0x45540000)
Event: 68,677 GC heap after
Heap after GC invocations=70 (full 0):
 PSYoungGen      total 101888K, used 16555K [0x61a80000, 0x696c0000, 0x6c540000)
  eden space 81152K, 0% used [0x61a80000,0x61a80000,0x669c0000)
  from space 20736K, 79% used [0x67f80000,0x68faaf10,0x693c0000)
  to   space 22272K, 0% used [0x669c0000,0x669c0000,0x67f80000)
 ParOldGen       total 21504K, used 14982K [0x4c540000, 0x4da40000, 0x61a80000)
  object space 21504K, 69% used [0x4c540000,0x4d3e1a10,0x4da40000)
 PSPermGen       total 16384K, used 8374K [0x44540000, 0x45540000, 0x4c540000)
  object space 16384K, 51% used [0x44540000,0x44d6d938,0x45540000)
}
Event: 70,425 GC heap before
{Heap before GC invocations=71 (full 0):
 PSYoungGen      total 101888K, used 97707K [0x61a80000, 0x696c0000, 0x6c540000)
  eden space 81152K, 100% used [0x61a80000,0x669c0000,0x669c0000)
  from space 20736K, 79% used [0x67f80000,0x68faaf10,0x693c0000)
  to   space 22272K, 0% used [0x669c0000,0x669c0000,0x67f80000)
 ParOldGen       total 21504K, used 14982K [0x4c540000, 0x4da40000, 0x61a80000)
  object space 21504K, 69% used [0x4c540000,0x4d3e1a10,0x4da40000)
 PSPermGen       total 16384K, used 8374K [0x44540000, 0x45540000, 0x4c540000)
  object space 16384K, 51% used [0x44540000,0x44d6db18,0x45540000)

